[  2245.702] 
X.Org X Server 1.21.1.4
X Protocol Version 11, Revision 0
[  2245.704] Current Operating System: Linux archbox 6.0.6-arch1-1 #1 SMP PREEMPT_DYNAMIC Sat, 29 Oct 2022 14:08:39 +0000 x86_64
[  2245.704] Kernel command line: BOOT_IMAGE=/vmlinuz-linux root=UUID=8bb45259-a64f-4a77-abda-09cad3598f63 rw loglevel=3 quiet
[  2245.705]  
[  2245.706] Current version of pixman: 0.42.0
[  2245.707] 	Before reporting problems, check http://wiki.x.org
	to make sure that you have the latest version.
[  2245.707] Markers: (--) probed, (**) from config file, (==) default setting,
	(++) from command line, (!!) notice, (II) informational,
	(WW) warning, (EE) error, (NI) not implemented, (??) unknown.
[  2245.710] (==) Log file: "/home/gatsu/.local/share/xorg/Xorg.0.log", Time: Sun Oct 30 17:56:05 2022
[  2245.711] (==) Using system config directory "/usr/share/X11/xorg.conf.d"
[  2245.711] (==) No Layout section.  Using the first Screen section.
[  2245.711] (==) No screen section available. Using defaults.
[  2245.711] (**) |-->Screen "Default Screen Section" (0)
[  2245.711] (**) |   |-->Monitor "<default monitor>"
[  2245.711] (==) No monitor specified for screen "Default Screen Section".
	Using a default monitor configuration.
[  2245.711] (==) Automatically adding devices
[  2245.711] (==) Automatically enabling devices
[  2245.711] (==) Automatically adding GPU devices
[  2245.711] (==) Automatically binding GPU devices
[  2245.711] (==) Max clients allowed: 256, resource mask: 0x1fffff
[  2245.711] (WW) The directory "/usr/share/fonts/misc" does not exist.
[  2245.711] 	Entry deleted from font path.
[  2245.711] (WW) The directory "/usr/share/fonts/TTF" does not exist.
[  2245.711] 	Entry deleted from font path.
[  2245.711] (WW) The directory "/usr/share/fonts/OTF" does not exist.
[  2245.711] 	Entry deleted from font path.
[  2245.711] (WW) The directory "/usr/share/fonts/Type1" does not exist.
[  2245.711] 	Entry deleted from font path.
[  2245.711] (WW) The directory "/usr/share/fonts/100dpi" does not exist.
[  2245.711] 	Entry deleted from font path.
[  2245.711] (WW) The directory "/usr/share/fonts/75dpi" does not exist.
[  2245.711] 	Entry deleted from font path.
[  2245.711] (==) FontPath set to:
	
[  2245.711] (==) ModulePath set to "/usr/lib/xorg/modules"
[  2245.711] (II) The server relies on udev to provide the list of input devices.
	If no devices become available, reconfigure udev or disable AutoAddDevices.
[  2245.711] (II) Module ABI versions:
[  2245.711] 	X.Org ANSI C Emulation: 0.4
[  2245.711] 	X.Org Video Driver: 25.2
[  2245.711] 	X.Org XInput driver : 24.4
[  2245.711] 	X.Org Server Extension : 10.0
[  2245.712] (++) using VT number 1

[  2245.713] (II) systemd-logind: took control of session /org/freedesktop/login1/session/_37
[  2245.713] (II) xfree86: Adding drm device (/dev/dri/card0)
[  2245.713] (II) Platform probe for /sys/devices/pci0000:00/0000:00:02.0/drm/card0
[  2245.713] (II) systemd-logind: got fd for /dev/dri/card0 226:0 fd 13 paused 0
[  2245.713] (II) xfree86: Adding drm device (/dev/dri/card1)
[  2245.713] (II) Platform probe for /sys/devices/pci0000:00/0000:00:1c.4/0000:06:00.0/drm/card1
[  2245.714] (II) systemd-logind: got fd for /dev/dri/card1 226:1 fd 14 paused 0
[  2245.714] (--) PCI: (0@0:2:0) 8086:4680:1462:7d32 rev 12, Mem @ 0x6012000000/16777216, 0x4000000000/268435456, I/O @ 0x00005000/64
[  2245.714] (--) PCI:*(6@0:0:0) 10de:220a:3842:4877 rev 161, Mem @ 0x50000000/16777216, 0x6000000000/268435456, 0x6010000000/33554432, I/O @ 0x00003000/128, BIOS @ 0x????????/524288
[  2245.714] (WW) Open ACPI failed (/var/run/acpid.socket) (No such file or directory)
[  2245.714] (II) LoadModule: "glx"
[  2245.714] (II) Loading /usr/lib/xorg/modules/extensions/libglx.so
[  2245.715] (II) Module glx: vendor="X.Org Foundation"
[  2245.715] 	compiled for 1.21.1.4, module version = 1.0.0
[  2245.715] 	ABI class: X.Org Server Extension, version 10.0
[  2245.715] (==) Matched nouveau as autoconfigured driver 0
[  2245.715] (==) Matched nv as autoconfigured driver 1
[  2245.715] (==) Matched intel as autoconfigured driver 2
[  2245.715] (==) Matched modesetting as autoconfigured driver 3
[  2245.715] (==) Matched fbdev as autoconfigured driver 4
[  2245.715] (==) Matched vesa as autoconfigured driver 5
[  2245.715] (==) Assigned the driver to the xf86ConfigLayout
[  2245.715] (II) LoadModule: "nouveau"
[  2245.715] (WW) Warning, couldn't open module nouveau
[  2245.715] (EE) Failed to load module "nouveau" (module does not exist, 0)
[  2245.715] (II) LoadModule: "nv"
[  2245.715] (WW) Warning, couldn't open module nv
[  2245.715] (EE) Failed to load module "nv" (module does not exist, 0)
[  2245.715] (II) LoadModule: "intel"
[  2245.715] (WW) Warning, couldn't open module intel
[  2245.715] (EE) Failed to load module "intel" (module does not exist, 0)
[  2245.715] (II) LoadModule: "modesetting"
[  2245.715] (II) Loading /usr/lib/xorg/modules/drivers/modesetting_drv.so
[  2245.715] (II) Module modesetting: vendor="X.Org Foundation"
[  2245.715] 	compiled for 1.21.1.4, module version = 1.21.1
[  2245.715] 	Module class: X.Org Video Driver
[  2245.715] 	ABI class: X.Org Video Driver, version 25.2
[  2245.715] (II) LoadModule: "fbdev"
[  2245.715] (WW) Warning, couldn't open module fbdev
[  2245.715] (EE) Failed to load module "fbdev" (module does not exist, 0)
[  2245.715] (II) LoadModule: "vesa"
[  2245.715] (WW) Warning, couldn't open module vesa
[  2245.715] (EE) Failed to load module "vesa" (module does not exist, 0)
[  2245.715] (II) modesetting: Driver for Modesetting Kernel Drivers: kms
[  2245.715] (II) modeset(0): using drv /dev/dri/card1
[  2245.715] (II) modeset(G0): using drv /dev/dri/card0
[  2245.715] (WW) VGA arbiter: cannot open kernel arbiter, no multi-card support
[  2245.715] (II) modeset(0): Creating default Display subsection in Screen section
	"Default Screen Section" for depth/fbbpp 24/32
[  2245.715] (==) modeset(0): Depth 24, (==) framebuffer bpp 32
[  2245.715] (==) modeset(0): RGB weight 888
[  2245.715] (==) modeset(0): Default visual is TrueColor
[  2245.715] (II) Loading sub module "glamoregl"
[  2245.715] (II) LoadModule: "glamoregl"
[  2245.715] (II) Loading /usr/lib/xorg/modules/libglamoregl.so
[  2245.717] (II) Module glamoregl: vendor="X.Org Foundation"
[  2245.717] 	compiled for 1.21.1.4, module version = 1.0.1
[  2245.717] 	ABI class: X.Org ANSI C Emulation, version 0.4
[  2245.734] (II) modeset(0): Refusing to try glamor on llvmpipe
[  2245.734] (II) modeset(0): glamor initialization failed
[  2245.734] (II) modeset(0): ShadowFB: preferred YES, enabled YES
[  2245.734] (II) modeset(0): Double-buffered shadow updates: off
[  2245.787] (II) modeset(0): Output DP-3 has no monitor section
[  2245.840] (II) modeset(0): Output DP-4 has no monitor section
[  2245.849] (II) modeset(0): Output DP-5 has no monitor section
[  2245.983] (II) modeset(0): Output HDMI-5 has no monitor section
[  2246.034] (II) modeset(0): EDID for output DP-3
[  2246.087] (II) modeset(0): EDID for output DP-4
[  2246.095] (II) modeset(0): EDID for output DP-5
[  2246.095] (II) modeset(0): Manufacturer: BNQ  Model: 7f81  Serial#: 0
[  2246.095] (II) modeset(0): Year: 2021  Week: 20
[  2246.095] (II) modeset(0): EDID Version: 1.4
[  2246.095] (II) modeset(0): Digital Display Input
[  2246.095] (II) modeset(0): 8 bits per channel
[  2246.095] (II) modeset(0): Digital interface is DisplayPort
[  2246.095] (II) modeset(0): Max Image Size [cm]: horiz.: 54  vert.: 30
[  2246.095] (II) modeset(0): Gamma: 2.20
[  2246.095] (II) modeset(0): DPMS capabilities: Off
[  2246.095] (II) modeset(0): Supported color encodings: RGB 4:4:4 YCrCb 4:4:4 YCrCb 4:2:2
[  2246.095] (II) modeset(0): Default color space is primary color space
[  2246.095] (II) modeset(0): First detailed timing is preferred mode
[  2246.095] (II) modeset(0): Preferred mode is native pixel format and refresh rate
[  2246.095] (II) modeset(0): Display is continuous-frequency
[  2246.095] (II) modeset(0): redX: 0.654 redY: 0.333   greenX: 0.324 greenY: 0.625
[  2246.095] (II) modeset(0): blueX: 0.157 blueY: 0.075   whiteX: 0.313 whiteY: 0.329
[  2246.095] (II) modeset(0): Supported established timings:
[  2246.095] (II) modeset(0): 720x400@70Hz
[  2246.095] (II) modeset(0): 640x480@60Hz
[  2246.095] (II) modeset(0): 640x480@75Hz
[  2246.095] (II) modeset(0): 800x600@60Hz
[  2246.095] (II) modeset(0): 800x600@75Hz
[  2246.095] (II) modeset(0): 832x624@75Hz
[  2246.095] (II) modeset(0): 1024x768@60Hz
[  2246.095] (II) modeset(0): 1024x768@75Hz
[  2246.095] (II) modeset(0): 1280x1024@75Hz
[  2246.095] (II) modeset(0): 1152x864@75Hz
[  2246.095] (II) modeset(0): Manufacturer's mask: 0
[  2246.095] (II) modeset(0): Supported standard timings:
[  2246.095] (II) modeset(0): #0: hsize: 1920  vsize 1080  refresh: 60  vid: 49361
[  2246.095] (II) modeset(0): #1: hsize: 1280  vsize 720  refresh: 60  vid: 49281
[  2246.095] (II) modeset(0): #2: hsize: 1280  vsize 800  refresh: 60  vid: 129
[  2246.095] (II) modeset(0): #3: hsize: 1280  vsize 1024  refresh: 60  vid: 32897
[  2246.095] (II) modeset(0): #4: hsize: 1600  vsize 900  refresh: 60  vid: 49321
[  2246.095] (II) modeset(0): #5: hsize: 1680  vsize 1050  refresh: 60  vid: 179
[  2246.095] (II) modeset(0): #6: hsize: 1280  vsize 1024  refresh: 120  vid: 48257
[  2246.095] (II) modeset(0): Supported detailed timing:
[  2246.095] (II) modeset(0): clock: 148.5 MHz   Image Size:  544 x 303 mm
[  2246.095] (II) modeset(0): h_active: 1920  h_sync: 2008  h_sync_end 2052 h_blank_end 2200 h_border: 0
[  2246.095] (II) modeset(0): v_active: 1080  v_sync: 1084  v_sync_end 1089 v_blanking: 1125 v_border: 0
[  2246.095] (II) modeset(0): Serial No: EB75M01880SL0
[  2246.095] (II) modeset(0): Ranges: V min: 48 V max: 240 Hz, H min: 255 H max: 255 kHz, PixClock max 605 MHz
[  2246.095] (II) modeset(0): Monitor name: ZOWIE XL LCD
[  2246.095] (II) modeset(0): Supported detailed timing:
[  2246.095] (II) modeset(0): clock: 235.5 MHz   Image Size:  544 x 303 mm
[  2246.095] (II) modeset(0): h_active: 1920  h_sync: 1968  h_sync_end 2000 h_blank_end 2080 h_border: 0
[  2246.095] (II) modeset(0): v_active: 1080  v_sync: 1083  v_sync_end 1088 v_blanking: 1133 v_border: 0
[  2246.095] (II) modeset(0): Supported detailed timing:
[  2246.095] (II) modeset(0): clock: 346.5 MHz   Image Size:  544 x 303 mm
[  2246.095] (II) modeset(0): h_active: 1920  h_sync: 1968  h_sync_end 2000 h_blank_end 2080 h_border: 0
[  2246.095] (II) modeset(0): v_active: 1080  v_sync: 1083  v_sync_end 1088 v_blanking: 1157 v_border: 0
[  2246.095] (II) modeset(0): Supported detailed timing:
[  2246.095] (II) modeset(0): clock: 594.3 MHz   Image Size:  544 x 303 mm
[  2246.095] (II) modeset(0): h_active: 1920  h_sync: 1948  h_sync_end 1980 h_blank_end 2040 h_border: 0
[  2246.095] (II) modeset(0): v_active: 1080  v_sync: 1137  v_sync_end 1145 v_blanking: 1215 v_border: 0
[  2246.095] (II) modeset(0): Supported detailed timing:
[  2246.095] (II) modeset(0): clock: 511.0 MHz   Image Size:  544 x 303 mm
[  2246.095] (II) modeset(0): h_active: 1280  h_sync: 1396  h_sync_end 1540 h_blank_end 1800 h_border: 0
[  2246.095] (II) modeset(0): v_active: 1024  v_sync: 1027  v_sync_end 1034 v_blanking: 1184 v_border: 0
[  2246.095] (II) modeset(0): Number of EDID sections to follow: 1
[  2246.095] (II) modeset(0): EDID (in hex):
[  2246.095] (II) modeset(0): 	00ffffffffffff0009d1817f00000000
[  2246.095] (II) modeset(0): 	141f0104a5361e783f9055a75553a028
[  2246.095] (II) modeset(0): 	135054a56b80d1c081c081008180a9c0
[  2246.095] (II) modeset(0): 	b30081bc0101023a801871382d40582c
[  2246.095] (II) modeset(0): 	4500202f2100001e000000ff00454237
[  2246.096] (II) modeset(0): 	354d3031383830534c30000000fd0030
[  2246.096] (II) modeset(0): 	f0ffff3c010a202020202020000000fc
[  2246.096] (II) modeset(0): 	005a4f57494520584c204c43440a0194
[  2246.096] (II) modeset(0): 	020330f1529005040302011112133f06
[  2246.096] (II) modeset(0): 	15161f20212240e200cf230907078301
[  2246.096] (II) modeset(0): 	00006d1a0000020130f0000000000000
[  2246.096] (II) modeset(0): 	fe5b80a07038354030203500202f2100
[  2246.096] (II) modeset(0): 	001a5a8780a070384d4030203500202f
[  2246.096] (II) modeset(0): 	2100001a23e88078703887401c20980c
[  2246.096] (II) modeset(0): 	202f2100001a9cc700085200a0407490
[  2246.096] (II) modeset(0): 	3700202f2100001c000000000000003e
[  2246.096] (II) modeset(0): Printing probed modes for output DP-5
[  2246.096] (II) modeset(0): Modeline "1920x1080"x60.0  148.50  1920 2008 2052 2200  1080 1084 1089 1125 +hsync +vsync (67.5 kHz eP)
[  2246.096] (II) modeset(0): Modeline "1920x1080"x239.8  594.27  1920 1948 1980 2040  1080 1137 1145 1215 +hsync -vsync (291.3 kHz e)
[  2246.096] (II) modeset(0): Modeline "1920x1080"x144.0  346.50  1920 1968 2000 2080  1080 1083 1088 1157 +hsync -vsync (166.6 kHz e)
[  2246.096] (II) modeset(0): Modeline "1920x1080"x120.0  297.00  1920 2008 2052 2200  1080 1084 1089 1125 +hsync +vsync (135.0 kHz e)
[  2246.096] (II) modeset(0): Modeline "1920x1080"x100.0  297.00  1920 2448 2492 2640  1080 1084 1089 1125 +hsync +vsync (112.5 kHz e)
[  2246.096] (II) modeset(0): Modeline "1920x1080"x119.9  296.70  1920 2008 2052 2200  1080 1084 1089 1125 +hsync +vsync (134.9 kHz e)
[  2246.096] (II) modeset(0): Modeline "1920x1080"x60.0  266.50  1920 1944 1960 2000  1080 1081 1084 1111 doublescan +hsync -vsync (133.2 kHz d)
[  2246.096] (II) modeset(0): Modeline "1920x1080"x99.9  235.50  1920 1968 2000 2080  1080 1083 1088 1133 +hsync -vsync (113.2 kHz e)
[  2246.096] (II) modeset(0): Modeline "1920x1080"x60.0  173.00  1920 2048 2248 2576  1080 1083 1088 1120 -hsync +vsync (67.2 kHz d)
[  2246.096] (II) modeset(0): Modeline "1920x1080"x50.0  148.50  1920 2448 2492 2640  1080 1084 1089 1125 +hsync +vsync (56.2 kHz e)
[  2246.096] (II) modeset(0): Modeline "1920x1080"x59.9  148.35  1920 2008 2052 2200  1080 1084 1089 1125 +hsync +vsync (67.4 kHz e)
[  2246.096] (II) modeset(0): Modeline "1920x1080"x59.9  138.50  1920 1968 2000 2080  1080 1083 1088 1111 +hsync -vsync (66.6 kHz d)
[  2246.096] (II) modeset(0): Modeline "1920x1080"x30.0   74.25  1920 2008 2052 2200  1080 1084 1089 1125 +hsync +vsync (33.8 kHz e)
[  2246.096] (II) modeset(0): Modeline "1920x1080"x25.0   74.25  1920 2448 2492 2640  1080 1084 1089 1125 +hsync +vsync (28.1 kHz e)
[  2246.096] (II) modeset(0): Modeline "1920x1080"x24.0   74.25  1920 2558 2602 2750  1080 1084 1089 1125 +hsync +vsync (27.0 kHz e)
[  2246.096] (II) modeset(0): Modeline "1920x1080"x30.0   74.18  1920 2008 2052 2200  1080 1084 1089 1125 +hsync +vsync (33.7 kHz e)
[  2246.096] (II) modeset(0): Modeline "1920x1080"x24.0   74.18  1920 2558 2602 2750  1080 1084 1089 1125 +hsync +vsync (27.0 kHz e)
[  2246.096] (II) modeset(0): Modeline "1680x1050"x60.0  146.25  1680 1784 1960 2240  1050 1053 1059 1089 -hsync +vsync (65.3 kHz e)
[  2246.096] (II) modeset(0): Modeline "1680x1050"x59.9  119.00  1680 1728 1760 1840  1050 1053 1059 1080 +hsync -vsync (64.7 kHz d)
[  2246.096] (II) modeset(0): Modeline "1400x1050"x74.8  155.80  1400 1464 1784 1912  1050 1052 1064 1090 +hsync +vsync (81.5 kHz d)
[  2246.096] (II) modeset(0): Modeline "1400x1050"x60.0  122.00  1400 1488 1640 1880  1050 1052 1064 1082 +hsync +vsync (64.9 kHz d)
[  2246.096] (II) modeset(0): Modeline "1600x900"x60.0  246.00  1600 1728 1900 2200  900 901 904 932 doublescan -hsync +vsync (111.8 kHz d)
[  2246.096] (II) modeset(0): Modeline "1600x900"x59.9  186.50  1600 1624 1640 1680  900 901 904 926 doublescan +hsync -vsync (111.0 kHz d)
[  2246.096] (II) modeset(0): Modeline "1600x900"x59.9  118.25  1600 1696 1856 2112  900 903 908 934 -hsync +vsync (56.0 kHz d)
[  2246.096] (II) modeset(0): Modeline "1600x900"x60.0  108.00  1600 1624 1704 1800  900 901 904 1000 +hsync +vsync (60.0 kHz e)
[  2246.096] (II) modeset(0): Modeline "1600x900"x59.8   97.50  1600 1648 1680 1760  900 903 908 926 +hsync -vsync (55.4 kHz d)
[  2246.096] (II) modeset(0): Modeline "1280x1024"x239.8  511.00  1280 1396 1540 1800  1024 1027 1034 1184 -hsync +vsync (283.9 kHz e)
[  2246.096] (II) modeset(0): Modeline "1280x1024"x120.0  232.25  1280 1384 1520 1760  1024 1027 1034 1100 -hsync +vsync (132.0 kHz)
[  2246.096] (II) modeset(0): Modeline "1280x1024"x85.0  157.50  1280 1344 1504 1728  1024 1025 1028 1072 +hsync +vsync (91.1 kHz d)
[  2246.096] (II) modeset(0): Modeline "1280x1024"x75.0  135.00  1280 1296 1440 1688  1024 1025 1028 1066 +hsync +vsync (80.0 kHz e)
[  2246.096] (II) modeset(0): Modeline "1280x1024"x60.0  108.00  1280 1328 1440 1688  1024 1025 1028 1066 +hsync +vsync (64.0 kHz e)
[  2246.096] (II) modeset(0): Modeline "1400x900"x60.0  103.50  1400 1480 1624 1848  900 903 913 934 -hsync +vsync (56.0 kHz d)
[  2246.096] (II) modeset(0): Modeline "1400x900"x59.9   86.50  1400 1448 1480 1560  900 903 913 926 +hsync -vsync (55.4 kHz d)
[  2246.096] (II) modeset(0): Modeline "1280x960"x85.0  148.50  1280 1344 1504 1728  960 961 964 1011 +hsync +vsync (85.9 kHz d)
[  2246.096] (II) modeset(0): Modeline "1280x960"x60.0  108.00  1280 1376 1488 1800  960 961 964 1000 +hsync +vsync (60.0 kHz d)
[  2246.096] (II) modeset(0): Modeline "1440x810"x60.0  198.12  1440 1548 1704 1968  810 811 814 839 doublescan -hsync +vsync (100.7 kHz d)
[  2246.096] (II) modeset(0): Modeline "1440x810"x60.0  151.88  1440 1464 1480 1520  810 811 814 833 doublescan +hsync -vsync (99.9 kHz d)
[  2246.096] (II) modeset(0): Modeline "1368x768"x59.9   85.25  1368 1440 1576 1784  768 771 781 798 -hsync +vsync (47.8 kHz d)
[  2246.096] (II) modeset(0): Modeline "1368x768"x59.9   72.25  1368 1416 1448 1528  768 771 781 790 +hsync -vsync (47.3 kHz d)
[  2246.096] (II) modeset(0): Modeline "1280x800"x60.0  174.25  1280 1380 1516 1752  800 801 804 829 doublescan -hsync +vsync (99.5 kHz d)
[  2246.096] (II) modeset(0): Modeline "1280x800"x60.0  134.25  1280 1304 1320 1360  800 801 804 823 doublescan +hsync -vsync (98.7 kHz d)
[  2246.096] (II) modeset(0): Modeline "1280x800"x59.8   83.50  1280 1352 1480 1680  800 803 809 831 -hsync +vsync (49.7 kHz e)
[  2246.096] (II) modeset(0): Modeline "1280x800"x59.9   71.00  1280 1328 1360 1440  800 803 809 823 +hsync -vsync (49.3 kHz d)
[  2246.096] (II) modeset(0): Modeline "1152x864"x75.0  108.00  1152 1216 1344 1600  864 865 868 900 +hsync +vsync (67.5 kHz e)
[  2246.096] (II) modeset(0): Modeline "1280x720"x60.0  156.12  1280 1376 1512 1744  720 721 724 746 doublescan -hsync +vsync (89.5 kHz d)
[  2246.096] (II) modeset(0): Modeline "1280x720"x60.0  120.75  1280 1304 1320 1360  720 721 724 740 doublescan +hsync -vsync (88.8 kHz d)
[  2246.096] (II) modeset(0): Modeline "1280x720"x59.9   74.50  1280 1344 1472 1664  720 723 728 748 -hsync +vsync (44.8 kHz d)
[  2246.096] (II) modeset(0): Modeline "1280x720"x60.0   74.25  1280 1390 1430 1650  720 725 730 750 +hsync +vsync (45.0 kHz e)
[  2246.096] (II) modeset(0): Modeline "1280x720"x50.0   74.25  1280 1720 1760 1980  720 725 730 750 +hsync +vsync (37.5 kHz e)
[  2246.096] (II) modeset(0): Modeline "1280x720"x59.9   74.18  1280 1390 1430 1650  720 725 730 750 +hsync +vsync (45.0 kHz e)
[  2246.096] (II) modeset(0): Modeline "1280x720"x59.7   63.75  1280 1328 1360 1440  720 723 728 741 +hsync -vsync (44.3 kHz d)
[  2246.096] (II) modeset(0): Modeline "1024x768"x85.0  194.02  1024 1108 1220 1416  768 768 770 806 doublescan -hsync +vsync (137.0 kHz d)
[  2246.096] (II) modeset(0): Modeline "1024x768"x75.0  170.24  1024 1108 1220 1416  768 768 770 801 doublescan -hsync +vsync (120.2 kHz d)
[  2246.096] (II) modeset(0): Modeline "1024x768"x60.0  133.47  1024 1100 1212 1400  768 768 770 794 doublescan -hsync +vsync (95.3 kHz d)
[  2246.096] (II) modeset(0): Modeline "1024x768"x85.0   94.50  1024 1072 1168 1376  768 769 772 808 +hsync +vsync (68.7 kHz d)
[  2246.096] (II) modeset(0): Modeline "1024x768"x75.0   78.75  1024 1040 1136 1312  768 769 772 800 +hsync +vsync (60.0 kHz e)
[  2246.096] (II) modeset(0): Modeline "1024x768"x70.1   75.00  1024 1048 1184 1328  768 771 777 806 -hsync -vsync (56.5 kHz d)
[  2246.096] (II) modeset(0): Modeline "1024x768"x60.0   65.00  1024 1048 1184 1344  768 771 777 806 -hsync -vsync (48.4 kHz e)
[  2246.096] (II) modeset(0): Modeline "1024x768i"x87.0   44.90  1024 1032 1208 1264  768 768 776 817 interlace +hsync +vsync (35.5 kHz d)
[  2246.096] (II) modeset(0): Modeline "960x720"x85.0  170.68  960 1036 1144 1328  720 720 722 756 doublescan -hsync +vsync (128.5 kHz d)
[  2246.096] (II) modeset(0): Modeline "960x720"x75.0  148.50  960 1032 1144 1320  720 720 722 750 doublescan -hsync +vsync (112.5 kHz d)
[  2246.096] (II) modeset(0): Modeline "960x720"x60.0  117.00  960 1024 1128 1300  720 720 722 750 doublescan -hsync +vsync (90.0 kHz d)
[  2246.096] (II) modeset(0): Modeline "928x696"x75.0  144.00  928 992 1104 1280  696 696 698 750 doublescan -hsync +vsync (112.5 kHz d)
[  2246.096] (II) modeset(0): Modeline "928x696"x60.1  109.15  928 976 1088 1264  696 696 698 719 doublescan -hsync +vsync (86.4 kHz d)
[  2246.096] (II) modeset(0): Modeline "896x672"x75.0  130.50  896 944 1052 1228  672 672 674 708 doublescan -hsync +vsync (106.3 kHz d)
[  2246.096] (II) modeset(0): Modeline "896x672"x60.0  102.40  896 960 1060 1224  672 672 674 697 doublescan -hsync +vsync (83.7 kHz d)
[  2246.096] (II) modeset(0): Modeline "1024x576"x60.0   98.50  1024 1092 1200 1376  576 577 580 597 doublescan -hsync +vsync (71.6 kHz d)
[  2246.096] (II) modeset(0): Modeline "1024x576"x60.0   78.38  1024 1048 1064 1104  576 577 580 592 doublescan +hsync -vsync (71.0 kHz d)
[  2246.096] (II) modeset(0): Modeline "1024x576"x59.9   46.50  1024 1064 1160 1296  576 579 584 599 -hsync +vsync (35.9 kHz d)
[  2246.096] (II) modeset(0): Modeline "1024x576"x59.8   42.00  1024 1072 1104 1184  576 579 584 593 +hsync -vsync (35.5 kHz d)
[  2246.096] (II) modeset(0): Modeline "960x600"x59.9   96.62  960 1028 1128 1296  600 601 604 622 doublescan -hsync +vsync (74.6 kHz d)
[  2246.096] (II) modeset(0): Modeline "960x600"x60.0   77.00  960 984 1000 1040  600 601 604 617 doublescan +hsync -vsync (74.0 kHz d)
[  2246.096] (II) modeset(0): Modeline "832x624"x74.6   57.28  832 864 928 1152  624 625 628 667 -hsync -vsync (49.7 kHz e)
[  2246.096] (II) modeset(0): Modeline "960x540"x60.0   86.50  960 1024 1124 1288  540 541 544 560 doublescan -hsync +vsync (67.2 kHz d)
[  2246.096] (II) modeset(0): Modeline "960x540"x60.0   69.25  960 984 1000 1040  540 541 544 555 doublescan +hsync -vsync (66.6 kHz d)
[  2246.096] (II) modeset(0): Modeline "960x540"x59.6   40.75  960 992 1088 1216  540 543 548 562 -hsync +vsync (33.5 kHz d)
[  2246.096] (II) modeset(0): Modeline "960x540"x59.8   37.25  960 1008 1040 1120  540 543 548 556 +hsync -vsync (33.3 kHz d)
[  2246.096] (II) modeset(0): Modeline "800x600"x85.0  114.75  800 832 928 1080  600 600 602 625 doublescan +hsync +vsync (106.2 kHz d)
[  2246.096] (II) modeset(0): Modeline "800x600"x75.0  101.25  800 832 928 1080  600 600 602 625 doublescan +hsync +vsync (93.8 kHz d)
[  2246.096] (II) modeset(0): Modeline "800x600"x70.0   94.50  800 832 928 1080  600 600 602 625 doublescan +hsync +vsync (87.5 kHz d)
[  2246.096] (II) modeset(0): Modeline "800x600"x65.0   87.75  800 832 928 1080  600 600 602 625 doublescan +hsync +vsync (81.2 kHz d)
[  2246.096] (II) modeset(0): Modeline "800x600"x60.0   81.00  800 832 928 1080  600 600 602 625 doublescan +hsync +vsync (75.0 kHz d)
[  2246.096] (II) modeset(0): Modeline "800x600"x85.1   56.30  800 832 896 1048  600 601 604 631 +hsync +vsync (53.7 kHz d)
[  2246.096] (II) modeset(0): Modeline "800x600"x72.2   50.00  800 856 976 1040  600 637 643 666 +hsync +vsync (48.1 kHz d)
[  2246.096] (II) modeset(0): Modeline "800x600"x75.0   49.50  800 816 896 1056  600 601 604 625 +hsync +vsync (46.9 kHz e)
[  2246.096] (II) modeset(0): Modeline "800x600"x60.3   40.00  800 840 968 1056  600 601 605 628 +hsync +vsync (37.9 kHz e)
[  2246.096] (II) modeset(0): Modeline "800x600"x56.2   36.00  800 824 896 1024  600 601 603 625 +hsync +vsync (35.2 kHz d)
[  2246.096] (II) modeset(0): Modeline "840x525"x60.0   73.12  840 892 980 1120  525 526 529 544 doublescan -hsync +vsync (65.3 kHz d)
[  2246.096] (II) modeset(0): Modeline "840x525"x59.9   59.50  840 864 880 920  525 526 529 540 doublescan +hsync -vsync (64.7 kHz d)
[  2246.096] (II) modeset(0): Modeline "864x486"x59.9   32.50  864 888 968 1072  486 489 494 506 -hsync +vsync (30.3 kHz d)
[  2246.096] (II) modeset(0): Modeline "864x486"x59.6   30.50  864 912 944 1024  486 489 494 500 +hsync -vsync (29.8 kHz d)
[  2246.096] (II) modeset(0): Modeline "720x576"x50.0   27.00  720 732 796 864  576 581 586 625 -hsync -vsync (31.2 kHz e)
[  2246.096] (II) modeset(0): Modeline "700x525"x74.8   77.90  700 732 892 956  525 526 532 545 doublescan +hsync +vsync (81.5 kHz d)
[  2246.096] (II) modeset(0): Modeline "700x525"x60.0   61.00  700 744 820 940  525 526 532 541 doublescan +hsync +vsync (64.9 kHz d)
[  2246.096] (II) modeset(0): Modeline "800x450"x59.9   59.12  800 848 928 1056  450 451 454 467 doublescan -hsync +vsync (56.0 kHz d)
[  2246.096] (II) modeset(0): Modeline "800x450"x59.8   48.75  800 824 840 880  450 451 454 463 doublescan +hsync -vsync (55.4 kHz d)
[  2246.096] (II) modeset(0): Modeline "720x480"x60.0   27.03  720 736 798 858  480 489 495 525 -hsync -vsync (31.5 kHz e)
[  2246.096] (II) modeset(0): Modeline "720x480"x59.9   27.00  720 736 798 858  480 489 495 525 -hsync -vsync (31.5 kHz e)
[  2246.096] (II) modeset(0): Modeline "640x512"x85.0   78.75  640 672 752 864  512 512 514 536 doublescan +hsync +vsync (91.1 kHz d)
[  2246.096] (II) modeset(0): Modeline "640x512"x75.0   67.50  640 648 720 844  512 512 514 533 doublescan +hsync +vsync (80.0 kHz d)
[  2246.096] (II) modeset(0): Modeline "640x512"x60.0   54.00  640 664 720 844  512 512 514 533 doublescan +hsync +vsync (64.0 kHz d)
[  2246.096] (II) modeset(0): Modeline "700x450"x60.0   51.75  700 740 812 924  450 451 456 467 doublescan -hsync +vsync (56.0 kHz d)
[  2246.096] (II) modeset(0): Modeline "700x450"x59.9   43.25  700 724 740 780  450 451 456 463 doublescan +hsync -vsync (55.4 kHz d)
[  2246.096] (II) modeset(0): Modeline "640x480"x85.1   74.25  640 672 752 864  480 480 482 505 doublescan +hsync +vsync (85.9 kHz d)
[  2246.096] (II) modeset(0): Modeline "640x480"x60.0   54.00  640 688 744 900  480 480 482 500 doublescan +hsync +vsync (60.0 kHz d)
[  2246.096] (II) modeset(0): Modeline "640x480"x85.0   36.00  640 696 752 832  480 481 484 509 -hsync -vsync (43.3 kHz d)
[  2246.096] (II) modeset(0): Modeline "640x480"x75.0   31.50  640 656 720 840  480 481 484 500 -hsync -vsync (37.5 kHz e)
[  2246.096] (II) modeset(0): Modeline "640x480"x72.8   31.50  640 664 704 832  480 489 492 520 -hsync -vsync (37.9 kHz d)
[  2246.096] (II) modeset(0): Modeline "640x480"x75.0   31.50  640 656 720 840  480 481 484 500 -hsync -vsync (37.5 kHz d)
[  2246.096] (II) modeset(0): Modeline "640x480"x60.0   25.20  640 656 752 800  480 490 492 525 -hsync -vsync (31.5 kHz e)
[  2246.096] (II) modeset(0): Modeline "640x480"x59.9   25.18  640 656 752 800  480 490 492 525 -hsync -vsync (31.5 kHz e)
[  2246.096] (II) modeset(0): Modeline "720x405"x59.5   22.50  720 744 808 896  405 408 413 422 -hsync +vsync (25.1 kHz d)
[  2246.096] (II) modeset(0): Modeline "720x405"x59.0   21.75  720 768 800 880  405 408 413 419 +hsync -vsync (24.7 kHz d)
[  2246.096] (II) modeset(0): Modeline "720x400"x85.0   35.50  720 756 828 936  400 401 404 446 -hsync +vsync (37.9 kHz d)
[  2246.096] (II) modeset(0): Modeline "720x400"x70.1   28.32  720 738 846 900  400 412 414 449 -hsync +vsync (31.5 kHz e)
[  2246.096] (II) modeset(0): Modeline "684x384"x59.9   42.62  684 720 788 892  384 385 390 399 doublescan -hsync +vsync (47.8 kHz d)
[  2246.096] (II) modeset(0): Modeline "684x384"x59.9   36.12  684 708 724 764  384 385 390 395 doublescan +hsync -vsync (47.3 kHz d)
[  2246.096] (II) modeset(0): Modeline "640x400"x59.9   41.75  640 676 740 840  400 401 404 415 doublescan -hsync +vsync (49.7 kHz d)
[  2246.096] (II) modeset(0): Modeline "640x400"x60.0   35.50  640 664 680 720  400 401 404 411 doublescan +hsync -vsync (49.3 kHz d)
[  2246.096] (II) modeset(0): Modeline "640x400"x85.1   31.50  640 672 736 832  400 401 404 445 -hsync +vsync (37.9 kHz d)
[  2246.096] (II) modeset(0): Modeline "576x432"x75.0   54.00  576 608 672 800  432 432 434 450 doublescan +hsync +vsync (67.5 kHz d)
[  2246.096] (II) modeset(0): Modeline "640x360"x59.9   37.25  640 672 736 832  360 361 364 374 doublescan -hsync +vsync (44.8 kHz d)
[  2246.096] (II) modeset(0): Modeline "640x360"x59.8   31.88  640 664 680 720  360 361 364 370 doublescan +hsync -vsync (44.3 kHz d)
[  2246.096] (II) modeset(0): Modeline "640x360"x59.8   18.00  640 664 720 800  360 363 368 376 -hsync +vsync (22.5 kHz d)
[  2246.096] (II) modeset(0): Modeline "640x360"x59.3   17.75  640 688 720 800  360 363 368 374 +hsync -vsync (22.2 kHz d)
[  2246.096] (II) modeset(0): Modeline "640x350"x85.1   31.50  640 672 736 832  350 382 385 445 +hsync -vsync (37.9 kHz d)
[  2246.096] (II) modeset(0): Modeline "512x384"x85.0   47.25  512 536 584 688  384 384 386 404 doublescan +hsync +vsync (68.7 kHz d)
[  2246.096] (II) modeset(0): Modeline "512x384"x75.0   39.38  512 520 568 656  384 384 386 400 doublescan +hsync +vsync (60.0 kHz d)
[  2246.096] (II) modeset(0): Modeline "512x384"x70.1   37.50  512 524 592 664  384 385 388 403 doublescan -hsync -vsync (56.5 kHz d)
[  2246.096] (II) modeset(0): Modeline "512x384"x60.0   32.50  512 524 592 672  384 385 388 403 doublescan -hsync -vsync (48.4 kHz d)
[  2246.096] (II) modeset(0): Modeline "512x384i"x87.1   22.45  512 516 604 632  384 384 388 408 interlace doublescan +hsync +vsync (35.5 kHz d)
[  2246.096] (II) modeset(0): Modeline "512x288"x60.0   23.25  512 532 580 648  288 289 292 299 doublescan -hsync +vsync (35.9 kHz d)
[  2246.096] (II) modeset(0): Modeline "512x288"x59.9   21.00  512 536 552 592  288 289 292 296 doublescan +hsync -vsync (35.5 kHz d)
[  2246.096] (II) modeset(0): Modeline "416x312"x74.7   28.64  416 432 464 576  312 312 314 333 doublescan -hsync -vsync (49.7 kHz d)
[  2246.096] (II) modeset(0): Modeline "480x270"x59.6   20.38  480 496 544 608  270 271 274 281 doublescan -hsync +vsync (33.5 kHz d)
[  2246.096] (II) modeset(0): Modeline "480x270"x59.8   18.62  480 504 520 560  270 271 274 278 doublescan +hsync -vsync (33.3 kHz d)
[  2246.096] (II) modeset(0): Modeline "400x300"x85.3   28.15  400 416 448 524  300 300 302 315 doublescan +hsync +vsync (53.7 kHz d)
[  2246.096] (II) modeset(0): Modeline "400x300"x72.2   25.00  400 428 488 520  300 318 321 333 doublescan +hsync +vsync (48.1 kHz d)
[  2246.096] (II) modeset(0): Modeline "400x300"x75.1   24.75  400 408 448 528  300 300 302 312 doublescan +hsync +vsync (46.9 kHz d)
[  2246.096] (II) modeset(0): Modeline "400x300"x60.3   20.00  400 420 484 528  300 300 302 314 doublescan +hsync +vsync (37.9 kHz d)
[  2246.096] (II) modeset(0): Modeline "400x300"x56.3   18.00  400 412 448 512  300 300 301 312 doublescan +hsync +vsync (35.2 kHz d)
[  2246.096] (II) modeset(0): Modeline "432x243"x59.9   16.25  432 444 484 536  243 244 247 253 doublescan -hsync +vsync (30.3 kHz d)
[  2246.096] (II) modeset(0): Modeline "432x243"x59.6   15.25  432 456 472 512  243 244 247 250 doublescan +hsync -vsync (29.8 kHz d)
[  2246.096] (II) modeset(0): Modeline "320x240"x85.2   18.00  320 348 376 416  240 240 242 254 doublescan -hsync -vsync (43.3 kHz d)
[  2246.096] (II) modeset(0): Modeline "320x240"x72.8   15.75  320 332 352 416  240 244 246 260 doublescan -hsync -vsync (37.9 kHz d)
[  2246.096] (II) modeset(0): Modeline "320x240"x75.0   15.75  320 328 360 420  240 240 242 250 doublescan -hsync -vsync (37.5 kHz d)
[  2246.096] (II) modeset(0): Modeline "320x240"x60.1   12.59  320 328 376 400  240 245 246 262 doublescan -hsync -vsync (31.5 kHz d)
[  2246.096] (II) modeset(0): Modeline "360x202"x59.5   11.25  360 372 404 448  202 204 206 211 doublescan -hsync +vsync (25.1 kHz d)
[  2246.096] (II) modeset(0): Modeline "360x202"x59.1   10.88  360 384 400 440  202 204 206 209 doublescan +hsync -vsync (24.7 kHz d)
[  2246.096] (II) modeset(0): Modeline "360x200"x85.0   17.75  360 378 414 468  200 200 202 223 doublescan -hsync +vsync (37.9 kHz d)
[  2246.096] (II) modeset(0): Modeline "320x200"x85.3   15.75  320 336 368 416  200 200 202 222 doublescan -hsync +vsync (37.9 kHz d)
[  2246.096] (II) modeset(0): Modeline "320x180"x59.8    9.00  320 332 360 400  180 181 184 188 doublescan -hsync +vsync (22.5 kHz d)
[  2246.096] (II) modeset(0): Modeline "320x180"x59.3    8.88  320 344 360 400  180 181 184 187 doublescan +hsync -vsync (22.2 kHz d)
[  2246.096] (II) modeset(0): Modeline "320x175"x85.3   15.75  320 336 368 416  175 191 192 222 doublescan +hsync -vsync (37.9 kHz d)
[  2246.230] (II) modeset(0): EDID for output HDMI-5
[  2246.230] (II) modeset(0): Manufacturer: DEL  Model: d0da  Serial#: 1128542796
[  2246.230] (II) modeset(0): Year: 2020  Week: 11
[  2246.230] (II) modeset(0): EDID Version: 1.3
[  2246.230] (II) modeset(0): Digital Display Input
[  2246.230] (II) modeset(0): Max Image Size [cm]: horiz.: 53  vert.: 30
[  2246.230] (II) modeset(0): Gamma: 2.20
[  2246.230] (II) modeset(0): DPMS capabilities: StandBy Suspend Off
[  2246.230] (II) modeset(0): Supported color encodings: RGB 4:4:4 YCrCb 4:4:4 
[  2246.230] (II) modeset(0): First detailed timing is preferred mode
[  2246.230] (II) modeset(0): redX: 0.652 redY: 0.336   greenX: 0.321 greenY: 0.610
[  2246.230] (II) modeset(0): blueX: 0.153 blueY: 0.061   whiteX: 0.313 whiteY: 0.329
[  2246.230] (II) modeset(0): Supported established timings:
[  2246.230] (II) modeset(0): 720x400@70Hz
[  2246.230] (II) modeset(0): 640x480@60Hz
[  2246.230] (II) modeset(0): 640x480@75Hz
[  2246.230] (II) modeset(0): 800x600@60Hz
[  2246.230] (II) modeset(0): 800x600@75Hz
[  2246.230] (II) modeset(0): 1024x768@60Hz
[  2246.230] (II) modeset(0): 1024x768@75Hz
[  2246.230] (II) modeset(0): 1280x1024@75Hz
[  2246.230] (II) modeset(0): Manufacturer's mask: 0
[  2246.230] (II) modeset(0): Supported standard timings:
[  2246.230] (II) modeset(0): #0: hsize: 1152  vsize 864  refresh: 75  vid: 20337
[  2246.230] (II) modeset(0): #1: hsize: 1280  vsize 1024  refresh: 60  vid: 32897
[  2246.230] (II) modeset(0): #2: hsize: 1600  vsize 900  refresh: 60  vid: 49321
[  2246.230] (II) modeset(0): #3: hsize: 1920  vsize 1080  refresh: 60  vid: 49361
[  2246.230] (II) modeset(0): Supported detailed timing:
[  2246.230] (II) modeset(0): clock: 148.5 MHz   Image Size:  527 x 296 mm
[  2246.230] (II) modeset(0): h_active: 1920  h_sync: 2008  h_sync_end 2052 h_blank_end 2200 h_border: 0
[  2246.230] (II) modeset(0): v_active: 1080  v_sync: 1084  v_sync_end 1089 v_blanking: 1125 v_border: 0
[  2246.230] (II) modeset(0): Serial No: 1YR1S13
[  2246.230] (II) modeset(0): Monitor name: DELL P2419H
[  2246.230] (II) modeset(0): Ranges: V min: 56 V max: 76 Hz, H min: 30 H max: 83 kHz, PixClock max 175 MHz
[  2246.230] (II) modeset(0): Supported detailed timing:
[  2246.230] (II) modeset(0): clock: 148.5 MHz   Image Size:  527 x 296 mm
[  2246.230] (II) modeset(0): h_active: 1920  h_sync: 2008  h_sync_end 2052 h_blank_end 2200 h_border: 0
[  2246.230] (II) modeset(0): v_active: 1080  v_sync: 1084  v_sync_end 1089 v_blanking: 1125 v_border: 0
[  2246.230] (II) modeset(0): Supported detailed timing:
[  2246.230] (II) modeset(0): clock: 74.2 MHz   Image Size:  527 x 296 mm
[  2246.230] (II) modeset(0): h_active: 1920  h_sync: 2008  h_sync_end 2052 h_blank_end 2200 h_border: 0
[  2246.230] (II) modeset(0): v_active: 540  v_sync: 542  v_sync_end 547 v_blanking: 562 v_border: 0
[  2246.230] (II) modeset(0): Supported detailed timing:
[  2246.230] (II) modeset(0): clock: 74.2 MHz   Image Size:  527 x 296 mm
[  2246.230] (II) modeset(0): h_active: 1280  h_sync: 1390  h_sync_end 1430 h_blank_end 1650 h_border: 0
[  2246.230] (II) modeset(0): v_active: 720  v_sync: 725  v_sync_end 730 v_blanking: 750 v_border: 0
[  2246.230] (II) modeset(0): Supported detailed timing:
[  2246.230] (II) modeset(0): clock: 27.0 MHz   Image Size:  527 x 296 mm
[  2246.230] (II) modeset(0): h_active: 720  h_sync: 736  h_sync_end 798 h_blank_end 858 h_border: 0
[  2246.230] (II) modeset(0): v_active: 480  v_sync: 489  v_sync_end 495 v_blanking: 525 v_border: 0
[  2246.230] (II) modeset(0): Number of EDID sections to follow: 1
[  2246.230] (II) modeset(0): EDID (in hex):
[  2246.230] (II) modeset(0): 	00ffffffffffff0010acdad04c324443
[  2246.230] (II) modeset(0): 	0b1e010380351e78ea0565a756529c27
[  2246.231] (II) modeset(0): 	0f5054a54b00714f8180a9c0d1c00101
[  2246.231] (II) modeset(0): 	010101010101023a801871382d40582c
[  2246.231] (II) modeset(0): 	45000f282100001e000000ff00315952
[  2246.231] (II) modeset(0): 	315331330a2020202020000000fc0044
[  2246.231] (II) modeset(0): 	454c4c205032343139480a20000000fd
[  2246.231] (II) modeset(0): 	00384c1e5311000a2020202020200124
[  2246.231] (II) modeset(0): 	020317b14c9005040302071601141f12
[  2246.231] (II) modeset(0): 	1365030c001000023a801871382d4058
[  2246.231] (II) modeset(0): 	2c45000f282100001e011d8018711c16
[  2246.231] (II) modeset(0): 	20582c25000f282100009e011d007251
[  2246.231] (II) modeset(0): 	d01e206e2855000f282100001e8c0ad0
[  2246.231] (II) modeset(0): 	8a20e02d10103e96000f282100001800
[  2246.231] (II) modeset(0): 	00000000000000000000000000000000
[  2246.231] (II) modeset(0): 	0000000000000000000000000000003d
[  2246.231] (II) modeset(0): Not using default mode "1440x810" (bad mode clock/interlace/doublescan)
[  2246.231] (II) modeset(0): Not using default mode "1600x900" (bad mode clock/interlace/doublescan)
[  2246.231] (II) modeset(0): Not using default mode "1600x900" (bad mode clock/interlace/doublescan)
[  2246.231] (II) modeset(0): Not using default mode "1920x1080" (bad mode clock/interlace/doublescan)
[  2246.231] (II) modeset(0): Printing probed modes for output HDMI-5
[  2246.231] (II) modeset(0): Modeline "1920x1080"x60.0  148.50  1920 2008 2052 2200  1080 1084 1089 1125 +hsync +vsync (67.5 kHz eP)
[  2246.231] (II) modeset(0): Modeline "1920x1080"x60.0  173.00  1920 2048 2248 2576  1080 1083 1088 1120 -hsync +vsync (67.2 kHz d)
[  2246.231] (II) modeset(0): Modeline "1920x1080"x50.0  148.50  1920 2448 2492 2640  1080 1084 1089 1125 +hsync +vsync (56.2 kHz e)
[  2246.231] (II) modeset(0): Modeline "1920x1080"x59.9  148.35  1920 2008 2052 2200  1080 1084 1089 1125 +hsync +vsync (67.4 kHz e)
[  2246.231] (II) modeset(0): Modeline "1920x1080"x59.9  138.50  1920 1968 2000 2080  1080 1083 1088 1111 +hsync -vsync (66.6 kHz d)
[  2246.231] (II) modeset(0): Modeline "1680x1050"x60.0  146.25  1680 1784 1960 2240  1050 1053 1059 1089 -hsync +vsync (65.3 kHz d)
[  2246.231] (II) modeset(0): Modeline "1680x1050"x59.9  119.00  1680 1728 1760 1840  1050 1053 1059 1080 +hsync -vsync (64.7 kHz d)
[  2246.231] (II) modeset(0): Modeline "1400x1050"x74.8  155.80  1400 1464 1784 1912  1050 1052 1064 1090 +hsync +vsync (81.5 kHz d)
[  2246.231] (II) modeset(0): Modeline "1400x1050"x60.0  122.00  1400 1488 1640 1880  1050 1052 1064 1082 +hsync +vsync (64.9 kHz d)
[  2246.231] (II) modeset(0): Modeline "1600x900"x59.9  118.25  1600 1696 1856 2112  900 903 908 934 -hsync +vsync (56.0 kHz d)
[  2246.231] (II) modeset(0): Modeline "1600x900"x60.0  108.00  1600 1624 1704 1800  900 901 904 1000 +hsync +vsync (60.0 kHz e)
[  2246.231] (II) modeset(0): Modeline "1600x900"x59.8   97.50  1600 1648 1680 1760  900 903 908 926 +hsync -vsync (55.4 kHz d)
[  2246.231] (II) modeset(0): Modeline "1280x1024"x75.0  135.00  1280 1296 1440 1688  1024 1025 1028 1066 +hsync +vsync (80.0 kHz e)
[  2246.231] (II) modeset(0): Modeline "1280x1024"x60.0  108.00  1280 1328 1440 1688  1024 1025 1028 1066 +hsync +vsync (64.0 kHz e)
[  2246.231] (II) modeset(0): Modeline "1400x900"x60.0  103.50  1400 1480 1624 1848  900 903 913 934 -hsync +vsync (56.0 kHz d)
[  2246.231] (II) modeset(0): Modeline "1400x900"x59.9   86.50  1400 1448 1480 1560  900 903 913 926 +hsync -vsync (55.4 kHz d)
[  2246.231] (II) modeset(0): Modeline "1280x960"x60.0  108.00  1280 1376 1488 1800  960 961 964 1000 +hsync +vsync (60.0 kHz d)
[  2246.231] (II) modeset(0): Modeline "1440x810"x60.0  151.88  1440 1464 1480 1520  810 811 814 833 doublescan +hsync -vsync (99.9 kHz d)
[  2246.231] (II) modeset(0): Modeline "1368x768"x59.9   85.25  1368 1440 1576 1784  768 771 781 798 -hsync +vsync (47.8 kHz d)
[  2246.231] (II) modeset(0): Modeline "1368x768"x59.9   72.25  1368 1416 1448 1528  768 771 781 790 +hsync -vsync (47.3 kHz d)
[  2246.231] (II) modeset(0): Modeline "1280x800"x60.0  174.25  1280 1380 1516 1752  800 801 804 829 doublescan -hsync +vsync (99.5 kHz d)
[  2246.231] (II) modeset(0): Modeline "1280x800"x60.0  134.25  1280 1304 1320 1360  800 801 804 823 doublescan +hsync -vsync (98.7 kHz d)
[  2246.231] (II) modeset(0): Modeline "1280x800"x59.8   83.50  1280 1352 1480 1680  800 803 809 831 -hsync +vsync (49.7 kHz d)
[  2246.231] (II) modeset(0): Modeline "1280x800"x59.9   71.00  1280 1328 1360 1440  800 803 809 823 +hsync -vsync (49.3 kHz d)
[  2246.231] (II) modeset(0): Modeline "1152x864"x75.0  108.00  1152 1216 1344 1600  864 865 868 900 +hsync +vsync (67.5 kHz e)
[  2246.231] (II) modeset(0): Modeline "1280x720"x60.0  156.12  1280 1376 1512 1744  720 721 724 746 doublescan -hsync +vsync (89.5 kHz d)
[  2246.231] (II) modeset(0): Modeline "1280x720"x60.0  120.75  1280 1304 1320 1360  720 721 724 740 doublescan +hsync -vsync (88.8 kHz d)
[  2246.231] (II) modeset(0): Modeline "1280x720"x59.9   74.50  1280 1344 1472 1664  720 723 728 748 -hsync +vsync (44.8 kHz d)
[  2246.231] (II) modeset(0): Modeline "1280x720"x60.0   74.25  1280 1390 1430 1650  720 725 730 750 +hsync +vsync (45.0 kHz e)
[  2246.231] (II) modeset(0): Modeline "1280x720"x50.0   74.25  1280 1720 1760 1980  720 725 730 750 +hsync +vsync (37.5 kHz e)
[  2246.231] (II) modeset(0): Modeline "1280x720"x59.9   74.18  1280 1390 1430 1650  720 725 730 750 +hsync +vsync (45.0 kHz e)
[  2246.231] (II) modeset(0): Modeline "1280x720"x59.7   63.75  1280 1328 1360 1440  720 723 728 741 +hsync -vsync (44.3 kHz d)
[  2246.231] (II) modeset(0): Modeline "1024x768"x75.0  170.24  1024 1108 1220 1416  768 768 770 801 doublescan -hsync +vsync (120.2 kHz d)
[  2246.231] (II) modeset(0): Modeline "1024x768"x60.0  133.47  1024 1100 1212 1400  768 768 770 794 doublescan -hsync +vsync (95.3 kHz d)
[  2246.231] (II) modeset(0): Modeline "1024x768"x75.0   78.75  1024 1040 1136 1312  768 769 772 800 +hsync +vsync (60.0 kHz e)
[  2246.231] (II) modeset(0): Modeline "1024x768"x70.1   75.00  1024 1048 1184 1328  768 771 777 806 -hsync -vsync (56.5 kHz d)
[  2246.231] (II) modeset(0): Modeline "1024x768"x60.0   65.00  1024 1048 1184 1344  768 771 777 806 -hsync -vsync (48.4 kHz e)
[  2246.231] (II) modeset(0): Modeline "960x720"x75.0  148.50  960 1032 1144 1320  720 720 722 750 doublescan -hsync +vsync (112.5 kHz d)
[  2246.231] (II) modeset(0): Modeline "960x720"x60.0  117.00  960 1024 1128 1300  720 720 722 750 doublescan -hsync +vsync (90.0 kHz d)
[  2246.231] (II) modeset(0): Modeline "928x696"x75.0  144.00  928 992 1104 1280  696 696 698 750 doublescan -hsync +vsync (112.5 kHz d)
[  2246.231] (II) modeset(0): Modeline "928x696"x60.1  109.15  928 976 1088 1264  696 696 698 719 doublescan -hsync +vsync (86.4 kHz d)
[  2246.231] (II) modeset(0): Modeline "896x672"x75.0  130.50  896 944 1052 1228  672 672 674 708 doublescan -hsync +vsync (106.3 kHz d)
[  2246.231] (II) modeset(0): Modeline "896x672"x60.0  102.40  896 960 1060 1224  672 672 674 697 doublescan -hsync +vsync (83.7 kHz d)
[  2246.231] (II) modeset(0): Modeline "1024x576"x60.0   98.50  1024 1092 1200 1376  576 577 580 597 doublescan -hsync +vsync (71.6 kHz d)
[  2246.231] (II) modeset(0): Modeline "1024x576"x60.0   78.38  1024 1048 1064 1104  576 577 580 592 doublescan +hsync -vsync (71.0 kHz d)
[  2246.231] (II) modeset(0): Modeline "1024x576"x59.9   46.50  1024 1064 1160 1296  576 579 584 599 -hsync +vsync (35.9 kHz d)
[  2246.231] (II) modeset(0): Modeline "1024x576"x59.8   42.00  1024 1072 1104 1184  576 579 584 593 +hsync -vsync (35.5 kHz d)
[  2246.231] (II) modeset(0): Modeline "960x600"x59.9   96.62  960 1028 1128 1296  600 601 604 622 doublescan -hsync +vsync (74.6 kHz d)
[  2246.231] (II) modeset(0): Modeline "960x600"x60.0   77.00  960 984 1000 1040  600 601 604 617 doublescan +hsync -vsync (74.0 kHz d)
[  2246.231] (II) modeset(0): Modeline "832x624"x74.6   57.28  832 864 928 1152  624 625 628 667 -hsync -vsync (49.7 kHz d)
[  2246.231] (II) modeset(0): Modeline "960x540"x60.0   86.50  960 1024 1124 1288  540 541 544 560 doublescan -hsync +vsync (67.2 kHz d)
[  2246.231] (II) modeset(0): Modeline "960x540"x60.0   69.25  960 984 1000 1040  540 541 544 555 doublescan +hsync -vsync (66.6 kHz d)
[  2246.231] (II) modeset(0): Modeline "960x540"x59.6   40.75  960 992 1088 1216  540 543 548 562 -hsync +vsync (33.5 kHz d)
[  2246.231] (II) modeset(0): Modeline "960x540"x59.8   37.25  960 1008 1040 1120  540 543 548 556 +hsync -vsync (33.3 kHz d)
[  2246.231] (II) modeset(0): Modeline "800x600"x75.0  101.25  800 832 928 1080  600 600 602 625 doublescan +hsync +vsync (93.8 kHz d)
[  2246.231] (II) modeset(0): Modeline "800x600"x70.0   94.50  800 832 928 1080  600 600 602 625 doublescan +hsync +vsync (87.5 kHz d)
[  2246.231] (II) modeset(0): Modeline "800x600"x65.0   87.75  800 832 928 1080  600 600 602 625 doublescan +hsync +vsync (81.2 kHz d)
[  2246.231] (II) modeset(0): Modeline "800x600"x60.0   81.00  800 832 928 1080  600 600 602 625 doublescan +hsync +vsync (75.0 kHz d)
[  2246.231] (II) modeset(0): Modeline "800x600"x72.2   50.00  800 856 976 1040  600 637 643 666 +hsync +vsync (48.1 kHz d)
[  2246.231] (II) modeset(0): Modeline "800x600"x75.0   49.50  800 816 896 1056  600 601 604 625 +hsync +vsync (46.9 kHz e)
[  2246.231] (II) modeset(0): Modeline "800x600"x60.3   40.00  800 840 968 1056  600 601 605 628 +hsync +vsync (37.9 kHz e)
[  2246.231] (II) modeset(0): Modeline "800x600"x56.2   36.00  800 824 896 1024  600 601 603 625 +hsync +vsync (35.2 kHz d)
[  2246.231] (II) modeset(0): Modeline "840x525"x60.0   73.12  840 892 980 1120  525 526 529 544 doublescan -hsync +vsync (65.3 kHz d)
[  2246.231] (II) modeset(0): Modeline "840x525"x59.9   59.50  840 864 880 920  525 526 529 540 doublescan +hsync -vsync (64.7 kHz d)
[  2246.231] (II) modeset(0): Modeline "864x486"x59.9   32.50  864 888 968 1072  486 489 494 506 -hsync +vsync (30.3 kHz d)
[  2246.231] (II) modeset(0): Modeline "864x486"x59.6   30.50  864 912 944 1024  486 489 494 500 +hsync -vsync (29.8 kHz d)
[  2246.231] (II) modeset(0): Modeline "720x576"x50.0   27.00  720 732 796 864  576 581 586 625 -hsync -vsync (31.2 kHz e)
[  2246.231] (II) modeset(0): Modeline "700x525"x74.8   77.90  700 732 892 956  525 526 532 545 doublescan +hsync +vsync (81.5 kHz d)
[  2246.231] (II) modeset(0): Modeline "700x525"x60.0   61.00  700 744 820 940  525 526 532 541 doublescan +hsync +vsync (64.9 kHz d)
[  2246.231] (II) modeset(0): Modeline "800x450"x59.9   59.12  800 848 928 1056  450 451 454 467 doublescan -hsync +vsync (56.0 kHz d)
[  2246.231] (II) modeset(0): Modeline "800x450"x59.8   48.75  800 824 840 880  450 451 454 463 doublescan +hsync -vsync (55.4 kHz d)
[  2246.231] (II) modeset(0): Modeline "720x480"x60.0   27.03  720 736 798 858  480 489 495 525 -hsync -vsync (31.5 kHz e)
[  2246.231] (II) modeset(0): Modeline "720x480"x59.9   27.00  720 736 798 858  480 489 495 525 -hsync -vsync (31.5 kHz e)
[  2246.231] (II) modeset(0): Modeline "640x512"x75.0   67.50  640 648 720 844  512 512 514 533 doublescan +hsync +vsync (80.0 kHz d)
[  2246.231] (II) modeset(0): Modeline "640x512"x60.0   54.00  640 664 720 844  512 512 514 533 doublescan +hsync +vsync (64.0 kHz d)
[  2246.231] (II) modeset(0): Modeline "700x450"x60.0   51.75  700 740 812 924  450 451 456 467 doublescan -hsync +vsync (56.0 kHz d)
[  2246.231] (II) modeset(0): Modeline "700x450"x59.9   43.25  700 724 740 780  450 451 456 463 doublescan +hsync -vsync (55.4 kHz d)
[  2246.231] (II) modeset(0): Modeline "640x480"x60.0   54.00  640 688 744 900  480 480 482 500 doublescan +hsync +vsync (60.0 kHz d)
[  2246.231] (II) modeset(0): Modeline "640x480"x75.0   31.50  640 656 720 840  480 481 484 500 -hsync -vsync (37.5 kHz e)
[  2246.231] (II) modeset(0): Modeline "640x480"x72.8   31.50  640 664 704 832  480 489 492 520 -hsync -vsync (37.9 kHz d)
[  2246.231] (II) modeset(0): Modeline "640x480"x75.0   31.50  640 656 720 840  480 481 484 500 -hsync -vsync (37.5 kHz d)
[  2246.231] (II) modeset(0): Modeline "640x480"x60.0   25.20  640 656 752 800  480 490 492 525 -hsync -vsync (31.5 kHz e)
[  2246.231] (II) modeset(0): Modeline "640x480"x59.9   25.18  640 656 752 800  480 490 492 525 -hsync -vsync (31.5 kHz e)
[  2246.231] (II) modeset(0): Modeline "720x405"x59.5   22.50  720 744 808 896  405 408 413 422 -hsync +vsync (25.1 kHz d)
[  2246.231] (II) modeset(0): Modeline "720x405"x59.0   21.75  720 768 800 880  405 408 413 419 +hsync -vsync (24.7 kHz d)
[  2246.231] (II) modeset(0): Modeline "720x400"x70.1   28.32  720 738 846 900  400 412 414 449 -hsync +vsync (31.5 kHz e)
[  2246.231] (II) modeset(0): Modeline "684x384"x59.9   42.62  684 720 788 892  384 385 390 399 doublescan -hsync +vsync (47.8 kHz d)
[  2246.231] (II) modeset(0): Modeline "684x384"x59.9   36.12  684 708 724 764  384 385 390 395 doublescan +hsync -vsync (47.3 kHz d)
[  2246.231] (II) modeset(0): Modeline "640x400"x59.9   41.75  640 676 740 840  400 401 404 415 doublescan -hsync +vsync (49.7 kHz d)
[  2246.231] (II) modeset(0): Modeline "640x400"x60.0   35.50  640 664 680 720  400 401 404 411 doublescan +hsync -vsync (49.3 kHz d)
[  2246.231] (II) modeset(0): Modeline "576x432"x75.0   54.00  576 608 672 800  432 432 434 450 doublescan +hsync +vsync (67.5 kHz d)
[  2246.231] (II) modeset(0): Modeline "640x360"x59.9   37.25  640 672 736 832  360 361 364 374 doublescan -hsync +vsync (44.8 kHz d)
[  2246.231] (II) modeset(0): Modeline "640x360"x59.8   31.88  640 664 680 720  360 361 364 370 doublescan +hsync -vsync (44.3 kHz d)
[  2246.231] (II) modeset(0): Modeline "640x360"x59.8   18.00  640 664 720 800  360 363 368 376 -hsync +vsync (22.5 kHz d)
[  2246.231] (II) modeset(0): Modeline "640x360"x59.3   17.75  640 688 720 800  360 363 368 374 +hsync -vsync (22.2 kHz d)
[  2246.231] (II) modeset(0): Modeline "512x384"x75.0   39.38  512 520 568 656  384 384 386 400 doublescan +hsync +vsync (60.0 kHz d)
[  2246.231] (II) modeset(0): Modeline "512x384"x70.1   37.50  512 524 592 664  384 385 388 403 doublescan -hsync -vsync (56.5 kHz d)
[  2246.231] (II) modeset(0): Modeline "512x384"x60.0   32.50  512 524 592 672  384 385 388 403 doublescan -hsync -vsync (48.4 kHz d)
[  2246.231] (II) modeset(0): Modeline "512x288"x60.0   23.25  512 532 580 648  288 289 292 299 doublescan -hsync +vsync (35.9 kHz d)
[  2246.231] (II) modeset(0): Modeline "512x288"x59.9   21.00  512 536 552 592  288 289 292 296 doublescan +hsync -vsync (35.5 kHz d)
[  2246.231] (II) modeset(0): Modeline "416x312"x74.7   28.64  416 432 464 576  312 312 314 333 doublescan -hsync -vsync (49.7 kHz d)
[  2246.231] (II) modeset(0): Modeline "480x270"x59.6   20.38  480 496 544 608  270 271 274 281 doublescan -hsync +vsync (33.5 kHz d)
[  2246.231] (II) modeset(0): Modeline "480x270"x59.8   18.62  480 504 520 560  270 271 274 278 doublescan +hsync -vsync (33.3 kHz d)
[  2246.231] (II) modeset(0): Modeline "400x300"x72.2   25.00  400 428 488 520  300 318 321 333 doublescan +hsync +vsync (48.1 kHz d)
[  2246.231] (II) modeset(0): Modeline "400x300"x75.1   24.75  400 408 448 528  300 300 302 312 doublescan +hsync +vsync (46.9 kHz d)
[  2246.231] (II) modeset(0): Modeline "400x300"x60.3   20.00  400 420 484 528  300 300 302 314 doublescan +hsync +vsync (37.9 kHz d)
[  2246.231] (II) modeset(0): Modeline "400x300"x56.3   18.00  400 412 448 512  300 300 301 312 doublescan +hsync +vsync (35.2 kHz d)
[  2246.231] (II) modeset(0): Modeline "432x243"x59.9   16.25  432 444 484 536  243 244 247 253 doublescan -hsync +vsync (30.3 kHz d)
[  2246.231] (II) modeset(0): Modeline "432x243"x59.6   15.25  432 456 472 512  243 244 247 250 doublescan +hsync -vsync (29.8 kHz d)
[  2246.231] (II) modeset(0): Modeline "320x240"x72.8   15.75  320 332 352 416  240 244 246 260 doublescan -hsync -vsync (37.9 kHz d)
[  2246.231] (II) modeset(0): Modeline "320x240"x75.0   15.75  320 328 360 420  240 240 242 250 doublescan -hsync -vsync (37.5 kHz d)
[  2246.231] (II) modeset(0): Modeline "320x240"x60.1   12.59  320 328 376 400  240 245 246 262 doublescan -hsync -vsync (31.5 kHz d)
[  2246.231] (II) modeset(0): Modeline "360x202"x59.5   11.25  360 372 404 448  202 204 206 211 doublescan -hsync +vsync (25.1 kHz d)
[  2246.231] (II) modeset(0): Modeline "360x202"x59.1   10.88  360 384 400 440  202 204 206 209 doublescan +hsync -vsync (24.7 kHz d)
[  2246.231] (II) modeset(0): Modeline "320x180"x59.8    9.00  320 332 360 400  180 181 184 188 doublescan -hsync +vsync (22.5 kHz d)
[  2246.231] (II) modeset(0): Modeline "320x180"x59.3    8.88  320 344 360 400  180 181 184 187 doublescan +hsync -vsync (22.2 kHz d)
[  2246.231] (II) modeset(0): Output DP-3 disconnected
[  2246.231] (II) modeset(0): Output DP-4 disconnected
[  2246.231] (II) modeset(0): Output DP-5 connected
[  2246.231] (II) modeset(0): Output HDMI-5 connected
[  2246.231] (II) modeset(0): Using spanning desktop for initial modes
[  2246.231] (II) modeset(0): Output DP-5 using initial mode 1920x1080 +0+0
[  2246.231] (II) modeset(0): Output HDMI-5 using initial mode 1920x1080 +1920+0
[  2246.231] (==) modeset(0): Using gamma correction (1.0, 1.0, 1.0)
[  2246.231] (==) modeset(0): DPI set to (96, 96)
[  2246.231] (II) Loading sub module "fb"
[  2246.231] (II) LoadModule: "fb"
[  2246.231] (II) Module "fb" already built-in
[  2246.231] (II) Loading sub module "shadow"
[  2246.231] (II) LoadModule: "shadow"
[  2246.231] (II) Loading /usr/lib/xorg/modules/libshadow.so
[  2246.231] (II) Module shadow: vendor="X.Org Foundation"
[  2246.231] 	compiled for 1.21.1.4, module version = 1.1.0
[  2246.231] 	ABI class: X.Org ANSI C Emulation, version 0.4
[  2246.231] (==) modeset(G0): Depth 24, (==) framebuffer bpp 32
[  2246.231] (==) modeset(G0): RGB weight 888
[  2246.231] (==) modeset(G0): Default visual is TrueColor
[  2246.231] (II) Loading sub module "glamoregl"
[  2246.231] (II) LoadModule: "glamoregl"
[  2246.231] (II) Loading /usr/lib/xorg/modules/libglamoregl.so
[  2246.231] (II) Module glamoregl: vendor="X.Org Foundation"
[  2246.231] 	compiled for 1.21.1.4, module version = 1.0.1
[  2246.231] 	ABI class: X.Org ANSI C Emulation, version 0.4
[  2246.234] (II) modeset(G0): glamor X acceleration enabled on Mesa Intel(R) UHD Graphics 770 (ADL-S GT1)
[  2246.234] (II) modeset(G0): glamor initialized
[  2246.234] (II) modeset(G0): Output HDMI-1-1 has no monitor section
[  2246.234] (II) modeset(G0): Output HDMI-1-2 has no monitor section
[  2246.234] (II) modeset(G0): Output DP-1-1 has no monitor section
[  2246.234] (II) modeset(G0): Output HDMI-1-3 has no monitor section
[  2246.234] (II) modeset(G0): Output DP-1-2 has no monitor section
[  2246.234] (II) modeset(G0): Output HDMI-1-4 has no monitor section
[  2246.234] (II) modeset(G0): EDID for output HDMI-1-1
[  2246.234] (II) modeset(G0): EDID for output HDMI-1-2
[  2246.234] (II) modeset(G0): EDID for output DP-1-1
[  2246.234] (II) modeset(G0): EDID for output HDMI-1-3
[  2246.234] (II) modeset(G0): EDID for output DP-1-2
[  2246.234] (II) modeset(G0): EDID for output HDMI-1-4
[  2246.235] (==) modeset(G0): Using gamma correction (1.0, 1.0, 1.0)
[  2246.235] (==) modeset(G0): DPI set to (96, 96)
[  2246.235] (II) Loading sub module "fb"
[  2246.235] (II) LoadModule: "fb"
[  2246.235] (II) Module "fb" already built-in
[  2246.235] (==) modeset(0): Backing store enabled
[  2246.235] (==) modeset(0): Silken mouse enabled
[  2246.268] (II) modeset(0): Initializing kms color map for depth 24, 8 bpc.
[  2246.268] (==) modeset(0): DPMS enabled
[  2246.272] (==) modeset(G0): Backing store enabled
[  2246.272] (==) modeset(G0): Silken mouse enabled
[  2246.273] (II) modeset(G0): Initializing kms color map for depth 24, 8 bpc.
[  2246.273] (==) modeset(G0): DPMS enabled
[  2246.273] (II) modeset(G0): [DRI2] Setup complete
[  2246.273] (II) modeset(G0): [DRI2]   DRI driver: iris
[  2246.273] (II) modeset(G0): [DRI2]   VDPAU driver: va_gl
[  2246.273] (II) modeset(G0): Disable reverse prime offload mode for i915.
[  2246.273] (II) Initializing extension Generic Event Extension
[  2246.273] (II) Initializing extension SHAPE
[  2246.273] (II) Initializing extension MIT-SHM
[  2246.273] (II) Initializing extension XInputExtension
[  2246.273] (II) Initializing extension XTEST
[  2246.273] (II) Initializing extension BIG-REQUESTS
[  2246.273] (II) Initializing extension SYNC
[  2246.273] (II) Initializing extension XKEYBOARD
[  2246.273] (II) Initializing extension XC-MISC
[  2246.273] (II) Initializing extension SECURITY
[  2246.273] (II) Initializing extension XFIXES
[  2246.273] (II) Initializing extension RENDER
[  2246.273] (II) Initializing extension RANDR
[  2246.273] (II) Initializing extension COMPOSITE
[  2246.273] (II) Initializing extension DAMAGE
[  2246.274] (II) Initializing extension MIT-SCREEN-SAVER
[  2246.274] (II) Initializing extension DOUBLE-BUFFER
[  2246.274] (II) Initializing extension RECORD
[  2246.274] (II) Initializing extension DPMS
[  2246.274] (II) Initializing extension Present
[  2246.274] (II) Initializing extension DRI3
[  2246.274] (II) Initializing extension X-Resource
[  2246.274] (II) Initializing extension XVideo
[  2246.274] (II) Initializing extension XVideo-MotionCompensation
[  2246.274] (II) Initializing extension GLX
[  2246.274] (II) AIGLX: Screen 0 is not DRI2 capable
[  2246.275] (II) IGLX: Loaded and initialized swrast
[  2246.275] (II) GLX: Initialized DRISWRAST GL provider for screen 0
[  2246.275] (II) Initializing extension XFree86-VidModeExtension
[  2246.275] (II) Initializing extension XFree86-DGA
[  2246.275] (II) Initializing extension XFree86-DRI
[  2246.275] (II) Initializing extension DRI2
[  2246.276] (II) modeset(G0): Damage tracking initialized
[  2246.276] (II) modeset(0): Damage tracking initialized
[  2246.276] (II) modeset(0): Setting screen physical size to 1016 x 285
[  2246.295] (II) config/udev: Adding input device Power Button (/dev/input/event2)
[  2246.295] (**) Power Button: Applying InputClass "libinput keyboard catchall"
[  2246.295] (II) LoadModule: "libinput"
[  2246.295] (II) Loading /usr/lib/xorg/modules/input/libinput_drv.so
[  2246.296] (II) Module libinput: vendor="X.Org Foundation"
[  2246.296] 	compiled for 1.21.1.3, module version = 1.2.1
[  2246.296] 	Module class: X.Org XInput Driver
[  2246.296] 	ABI class: X.Org XInput driver, version 24.4
[  2246.296] (II) Using input driver 'libinput' for 'Power Button'
[  2246.296] (II) systemd-logind: got fd for /dev/input/event2 13:66 fd 27 paused 0
[  2246.296] (**) Power Button: always reports core events
[  2246.296] (**) Option "Device" "/dev/input/event2"
[  2246.297] (II) event2  - Power Button: is tagged by udev as: Keyboard
[  2246.297] (II) event2  - Power Button: device is a keyboard
[  2246.297] (II) event2  - Power Button: device removed
[  2246.297] (**) Option "config_info" "udev:/sys/devices/LNXSYSTM:00/LNXPWRBN:00/input/input2/event2"
[  2246.297] (II) XINPUT: Adding extended input device "Power Button" (type: KEYBOARD, id 6)
[  2246.297] (II) event2  - Power Button: is tagged by udev as: Keyboard
[  2246.297] (II) event2  - Power Button: device is a keyboard
[  2246.298] (II) config/udev: Adding input device Video Bus (/dev/input/event3)
[  2246.298] (**) Video Bus: Applying InputClass "libinput keyboard catchall"
[  2246.298] (II) Using input driver 'libinput' for 'Video Bus'
[  2246.298] (II) systemd-logind: got fd for /dev/input/event3 13:67 fd 30 paused 0
[  2246.298] (**) Video Bus: always reports core events
[  2246.298] (**) Option "Device" "/dev/input/event3"
[  2246.298] (II) event3  - Video Bus: is tagged by udev as: Keyboard
[  2246.298] (II) event3  - Video Bus: device is a keyboard
[  2246.298] (II) event3  - Video Bus: device removed
[  2246.298] (**) Option "config_info" "udev:/sys/devices/LNXSYSTM:00/LNXSYBUS:00/PNP0A08:00/LNXVIDEO:00/input/input3/event3"
[  2246.298] (II) XINPUT: Adding extended input device "Video Bus" (type: KEYBOARD, id 7)
[  2246.299] (II) event3  - Video Bus: is tagged by udev as: Keyboard
[  2246.299] (II) event3  - Video Bus: device is a keyboard
[  2246.299] (II) config/udev: Adding input device Power Button (/dev/input/event1)
[  2246.299] (**) Power Button: Applying InputClass "libinput keyboard catchall"
[  2246.299] (II) Using input driver 'libinput' for 'Power Button'
[  2246.299] (II) systemd-logind: got fd for /dev/input/event1 13:65 fd 31 paused 0
[  2246.299] (**) Power Button: always reports core events
[  2246.299] (**) Option "Device" "/dev/input/event1"
[  2246.299] (II) event1  - Power Button: is tagged by udev as: Keyboard
[  2246.299] (II) event1  - Power Button: device is a keyboard
[  2246.299] (II) event1  - Power Button: device removed
[  2246.299] (**) Option "config_info" "udev:/sys/devices/LNXSYSTM:00/LNXSYBUS:00/PNP0C0C:00/input/input1/event1"
[  2246.299] (II) XINPUT: Adding extended input device "Power Button" (type: KEYBOARD, id 8)
[  2246.300] (II) event1  - Power Button: is tagged by udev as: Keyboard
[  2246.300] (II) event1  - Power Button: device is a keyboard
[  2246.300] (II) config/udev: Adding input device Sleep Button (/dev/input/event0)
[  2246.300] (**) Sleep Button: Applying InputClass "libinput keyboard catchall"
[  2246.300] (II) Using input driver 'libinput' for 'Sleep Button'
[  2246.300] (II) systemd-logind: got fd for /dev/input/event0 13:64 fd 32 paused 0
[  2246.300] (**) Sleep Button: always reports core events
[  2246.300] (**) Option "Device" "/dev/input/event0"
[  2246.300] (II) event0  - Sleep Button: is tagged by udev as: Keyboard
[  2246.300] (II) event0  - Sleep Button: device is a keyboard
[  2246.300] (II) event0  - Sleep Button: device removed
[  2246.300] (**) Option "config_info" "udev:/sys/devices/LNXSYSTM:00/LNXSYBUS:00/PNP0C0E:00/input/input0/event0"
[  2246.300] (II) XINPUT: Adding extended input device "Sleep Button" (type: KEYBOARD, id 9)
[  2246.301] (II) event0  - Sleep Button: is tagged by udev as: Keyboard
[  2246.301] (II) event0  - Sleep Button: device is a keyboard
[  2246.301] (II) config/udev: Adding input device Blue Microphones Yeti Stereo Microphone Consumer Control (/dev/input/event20)
[  2246.301] (**) Blue Microphones Yeti Stereo Microphone Consumer Control: Applying InputClass "libinput keyboard catchall"
[  2246.301] (II) Using input driver 'libinput' for 'Blue Microphones Yeti Stereo Microphone Consumer Control'
[  2246.301] (II) systemd-logind: got fd for /dev/input/event20 13:84 fd 33 paused 0
[  2246.301] (**) Blue Microphones Yeti Stereo Microphone Consumer Control: always reports core events
[  2246.301] (**) Option "Device" "/dev/input/event20"
[  2246.302] (II) event20 - Blue Microphones Yeti Stereo Microphone Consumer Control: is tagged by udev as: Keyboard
[  2246.302] (II) event20 - Blue Microphones Yeti Stereo Microphone Consumer Control: device is a keyboard
[  2246.302] (II) event20 - Blue Microphones Yeti Stereo Microphone Consumer Control: device removed
[  2246.302] (**) Option "config_info" "udev:/sys/devices/pci0000:00/0000:00:14.0/usb1/1-12/1-12.2/1-12.2:1.3/0003:B58E:9E84.000B/input/input21/event20"
[  2246.302] (II) XINPUT: Adding extended input device "Blue Microphones Yeti Stereo Microphone Consumer Control" (type: KEYBOARD, id 10)
[  2246.302] (II) event20 - Blue Microphones Yeti Stereo Microphone Consumer Control: is tagged by udev as: Keyboard
[  2246.302] (II) event20 - Blue Microphones Yeti Stereo Microphone Consumer Control: device is a keyboard
[  2246.303] (II) config/udev: Adding input device MSI MYSTIC LIGHT  (/dev/input/event11)
[  2246.303] (II) No input driver specified, ignoring this device.
[  2246.303] (II) This device may have been added with another device file.
[  2246.303] (II) config/udev: Adding input device Logitech G703 LS (/dev/input/event12)
[  2246.303] (**) Logitech G703 LS: Applying InputClass "libinput pointer catchall"
[  2246.303] (**) Logitech G703 LS: Applying InputClass "libinput keyboard catchall"
[  2246.303] (II) Using input driver 'libinput' for 'Logitech G703 LS'
[  2246.303] (II) systemd-logind: got fd for /dev/input/event12 13:76 fd 34 paused 0
[  2246.303] (**) Logitech G703 LS: always reports core events
[  2246.303] (**) Option "Device" "/dev/input/event12"
[  2246.304] (II) event12 - Logitech G703 LS: is tagged by udev as: Keyboard Mouse
[  2246.304] (II) event12 - Logitech G703 LS: device is a pointer
[  2246.304] (II) event12 - Logitech G703 LS: device is a keyboard
[  2246.304] (II) event12 - Logitech G703 LS: device removed
[  2246.304] (II) libinput: Logitech G703 LS: needs a virtual subdevice
[  2246.304] (**) Option "config_info" "udev:/sys/devices/pci0000:00/0000:00:14.0/usb1/1-8/1-8:1.2/0003:046D:C539.0006/0003:046D:4086.000C/input/input41/event12"
[  2246.304] (II) XINPUT: Adding extended input device "Logitech G703 LS" (type: MOUSE, id 11)
[  2246.304] (**) Option "AccelerationScheme" "none"
[  2246.304] (**) Logitech G703 LS: (accel) selected scheme none/0
[  2246.304] (**) Logitech G703 LS: (accel) acceleration factor: 2.000
[  2246.304] (**) Logitech G703 LS: (accel) acceleration threshold: 4
[  2246.304] (II) event12 - Logitech G703 LS: is tagged by udev as: Keyboard Mouse
[  2246.304] (II) event12 - Logitech G703 LS: device is a pointer
[  2246.304] (II) event12 - Logitech G703 LS: device is a keyboard
[  2246.305] (II) config/udev: Adding input device Logitech G703 LS (/dev/input/mouse0)
[  2246.305] (II) No input driver specified, ignoring this device.
[  2246.305] (II) This device may have been added with another device file.
[  2246.305] (II) config/udev: Adding input device Ducky Ducky One2 Mini RGB (/dev/input/event16)
[  2246.305] (**) Ducky Ducky One2 Mini RGB: Applying InputClass "libinput keyboard catchall"
[  2246.305] (II) Using input driver 'libinput' for 'Ducky Ducky One2 Mini RGB'
[  2246.305] (II) systemd-logind: got fd for /dev/input/event16 13:80 fd 35 paused 0
[  2246.305] (**) Ducky Ducky One2 Mini RGB: always reports core events
[  2246.305] (**) Option "Device" "/dev/input/event16"
[  2246.306] (II) event16 - Ducky Ducky One2 Mini RGB: is tagged by udev as: Keyboard
[  2246.306] (II) event16 - Ducky Ducky One2 Mini RGB: device is a keyboard
[  2246.306] (II) event16 - Ducky Ducky One2 Mini RGB: device removed
[  2246.306] (**) Option "config_info" "udev:/sys/devices/pci0000:00/0000:00:14.0/usb1/1-9/1-9:1.0/0003:3233:6301.0007/input/input17/event16"
[  2246.306] (II) XINPUT: Adding extended input device "Ducky Ducky One2 Mini RGB" (type: KEYBOARD, id 12)
[  2246.306] (II) event16 - Ducky Ducky One2 Mini RGB: is tagged by udev as: Keyboard
[  2246.306] (II) event16 - Ducky Ducky One2 Mini RGB: device is a keyboard
[  2246.306] (II) config/udev: Adding input device Ducky Ducky One2 Mini RGB (/dev/input/event17)
[  2246.306] (**) Ducky Ducky One2 Mini RGB: Applying InputClass "libinput pointer catchall"
[  2246.306] (II) Using input driver 'libinput' for 'Ducky Ducky One2 Mini RGB'
[  2246.361] (II) systemd-logind: got fd for /dev/input/event17 13:81 fd 36 paused 0
[  2246.361] (**) Ducky Ducky One2 Mini RGB: always reports core events
[  2246.361] (**) Option "Device" "/dev/input/event17"
[  2246.363] (II) event17 - Ducky Ducky One2 Mini RGB: is tagged by udev as: Mouse
[  2246.364] (II) event17 - Ducky Ducky One2 Mini RGB: device is a pointer
[  2246.364] (II) event17 - Ducky Ducky One2 Mini RGB: device removed
[  2246.364] (**) Option "config_info" "udev:/sys/devices/pci0000:00/0000:00:14.0/usb1/1-9/1-9:1.1/0003:3233:6301.0008/input/input18/event17"
[  2246.364] (II) XINPUT: Adding extended input device "Ducky Ducky One2 Mini RGB" (type: MOUSE, id 13)
[  2246.364] (**) Option "AccelerationScheme" "none"
[  2246.364] (**) Ducky Ducky One2 Mini RGB: (accel) selected scheme none/0
[  2246.364] (**) Ducky Ducky One2 Mini RGB: (accel) acceleration factor: 2.000
[  2246.364] (**) Ducky Ducky One2 Mini RGB: (accel) acceleration threshold: 4
[  2246.367] (II) event17 - Ducky Ducky One2 Mini RGB: is tagged by udev as: Mouse
[  2246.367] (II) event17 - Ducky Ducky One2 Mini RGB: device is a pointer
[  2246.368] (II) config/udev: Adding input device Ducky Ducky One2 Mini RGB (/dev/input/mouse1)
[  2246.368] (II) No input driver specified, ignoring this device.
[  2246.368] (II) This device may have been added with another device file.
[  2246.370] (II) config/udev: Adding input device Ducky Ducky One2 Mini RGB (/dev/input/event18)
[  2246.370] (**) Ducky Ducky One2 Mini RGB: Applying InputClass "libinput keyboard catchall"
[  2246.370] (II) Using input driver 'libinput' for 'Ducky Ducky One2 Mini RGB'
[  2246.371] (II) systemd-logind: got fd for /dev/input/event18 13:82 fd 37 paused 0
[  2246.371] (**) Ducky Ducky One2 Mini RGB: always reports core events
[  2246.371] (**) Option "Device" "/dev/input/event18"
[  2246.373] (II) event18 - Ducky Ducky One2 Mini RGB: is tagged by udev as: Keyboard
[  2246.374] (II) event18 - Ducky Ducky One2 Mini RGB: device is a keyboard
[  2246.374] (II) event18 - Ducky Ducky One2 Mini RGB: device removed
[  2246.382] (**) Option "config_info" "udev:/sys/devices/pci0000:00/0000:00:14.0/usb1/1-9/1-9:1.2/0003:3233:6301.0009/input/input19/event18"
[  2246.382] (II) XINPUT: Adding extended input device "Ducky Ducky One2 Mini RGB" (type: KEYBOARD, id 14)
[  2246.385] (II) event18 - Ducky Ducky One2 Mini RGB: is tagged by udev as: Keyboard
[  2246.385] (II) event18 - Ducky Ducky One2 Mini RGB: device is a keyboard
[  2246.386] (II) config/udev: Adding input device Ducky Ducky One2 Mini RGB (/dev/input/event19)
[  2246.386] (**) Ducky Ducky One2 Mini RGB: Applying InputClass "libinput keyboard catchall"
[  2246.386] (II) Using input driver 'libinput' for 'Ducky Ducky One2 Mini RGB'
[  2246.388] (II) systemd-logind: got fd for /dev/input/event19 13:83 fd 38 paused 0
[  2246.388] (**) Ducky Ducky One2 Mini RGB: always reports core events
[  2246.388] (**) Option "Device" "/dev/input/event19"
[  2246.390] (II) event19 - Ducky Ducky One2 Mini RGB: is tagged by udev as: Keyboard
[  2246.390] (II) event19 - Ducky Ducky One2 Mini RGB: device is a keyboard
[  2246.390] (II) event19 - Ducky Ducky One2 Mini RGB: device removed
[  2246.390] (**) Option "config_info" "udev:/sys/devices/pci0000:00/0000:00:14.0/usb1/1-9/1-9:1.3/0003:3233:6301.000A/input/input20/event19"
[  2246.390] (II) XINPUT: Adding extended input device "Ducky Ducky One2 Mini RGB" (type: KEYBOARD, id 15)
[  2246.392] (II) event19 - Ducky Ducky One2 Mini RGB: is tagged by udev as: Keyboard
[  2246.392] (II) event19 - Ducky Ducky One2 Mini RGB: device is a keyboard
[  2246.393] (II) config/udev: Adding input device HDA NVidia HDMI/DP,pcm=12 (/dev/input/event10)
[  2246.393] (II) No input driver specified, ignoring this device.
[  2246.393] (II) This device may have been added with another device file.
[  2246.393] (II) config/udev: Adding input device HDA NVidia HDMI/DP,pcm=3 (/dev/input/event4)
[  2246.393] (II) No input driver specified, ignoring this device.
[  2246.393] (II) This device may have been added with another device file.
[  2246.393] (II) config/udev: Adding input device HDA NVidia HDMI/DP,pcm=7 (/dev/input/event5)
[  2246.393] (II) No input driver specified, ignoring this device.
[  2246.393] (II) This device may have been added with another device file.
[  2246.394] (II) config/udev: Adding input device HDA NVidia HDMI/DP,pcm=8 (/dev/input/event6)
[  2246.394] (II) No input driver specified, ignoring this device.
[  2246.394] (II) This device may have been added with another device file.
[  2246.394] (II) config/udev: Adding input device HDA NVidia HDMI/DP,pcm=9 (/dev/input/event7)
[  2246.394] (II) No input driver specified, ignoring this device.
[  2246.394] (II) This device may have been added with another device file.
[  2246.394] (II) config/udev: Adding input device HDA NVidia HDMI/DP,pcm=10 (/dev/input/event8)
[  2246.394] (II) No input driver specified, ignoring this device.
[  2246.394] (II) This device may have been added with another device file.
[  2246.395] (II) config/udev: Adding input device HDA NVidia HDMI/DP,pcm=11 (/dev/input/event9)
[  2246.395] (II) No input driver specified, ignoring this device.
[  2246.395] (II) This device may have been added with another device file.
[  2246.395] (II) config/udev: Adding input device HDA Intel PCH HDMI/DP,pcm=3 (/dev/input/event22)
[  2246.395] (II) No input driver specified, ignoring this device.
[  2246.395] (II) This device may have been added with another device file.
[  2246.395] (II) config/udev: Adding input device HDA Intel PCH HDMI/DP,pcm=7 (/dev/input/event23)
[  2246.395] (II) No input driver specified, ignoring this device.
[  2246.395] (II) This device may have been added with another device file.
[  2246.395] (II) config/udev: Adding input device HDA Intel PCH HDMI/DP,pcm=8 (/dev/input/event24)
[  2246.395] (II) No input driver specified, ignoring this device.
[  2246.395] (II) This device may have been added with another device file.
[  2246.395] (II) config/udev: Adding input device HDA Intel PCH HDMI/DP,pcm=9 (/dev/input/event25)
[  2246.395] (II) No input driver specified, ignoring this device.
[  2246.395] (II) This device may have been added with another device file.
[  2246.396] (II) config/udev: Adding input device HDA Intel PCH HDMI/DP,pcm=10 (/dev/input/event26)
[  2246.396] (II) No input driver specified, ignoring this device.
[  2246.396] (II) This device may have been added with another device file.
[  2246.396] (II) config/udev: Adding input device HDA Intel PCH HDMI/DP,pcm=11 (/dev/input/event27)
[  2246.396] (II) No input driver specified, ignoring this device.
[  2246.396] (II) This device may have been added with another device file.
[  2246.396] (II) config/udev: Adding input device HDA Intel PCH HDMI/DP,pcm=12 (/dev/input/event28)
[  2246.396] (II) No input driver specified, ignoring this device.
[  2246.396] (II) This device may have been added with another device file.
[  2246.396] (II) config/udev: Adding input device HDA Intel PCH HDMI/DP,pcm=13 (/dev/input/event29)
[  2246.396] (II) No input driver specified, ignoring this device.
[  2246.396] (II) This device may have been added with another device file.
[  2246.396] (II) config/udev: Adding input device HDA Intel PCH HDMI/DP,pcm=14 (/dev/input/event30)
[  2246.396] (II) No input driver specified, ignoring this device.
[  2246.396] (II) This device may have been added with another device file.
[  2246.396] (II) config/udev: Adding input device HDA Intel PCH HDMI/DP,pcm=15 (/dev/input/event31)
[  2246.396] (II) No input driver specified, ignoring this device.
[  2246.396] (II) This device may have been added with another device file.
[  2246.397] (II) config/udev: Adding input device HDA Intel PCH HDMI/DP,pcm=16 (/dev/input/event256)
[  2246.397] (II) No input driver specified, ignoring this device.
[  2246.397] (II) This device may have been added with another device file.
[  2246.397] (II) config/udev: Adding input device HDA Intel PCH HDMI/DP,pcm=17 (/dev/input/event257)
[  2246.397] (II) No input driver specified, ignoring this device.
[  2246.397] (II) This device may have been added with another device file.
[  2246.397] (II) config/udev: Adding input device PC Speaker (/dev/input/event21)
[  2246.397] (II) No input driver specified, ignoring this device.
[  2246.397] (II) This device may have been added with another device file.
[  2246.399] (**) Logitech G703 LS: Applying InputClass "libinput pointer catchall"
[  2246.399] (**) Logitech G703 LS: Applying InputClass "libinput keyboard catchall"
[  2246.399] (II) Using input driver 'libinput' for 'Logitech G703 LS'
[  2246.399] (II) systemd-logind: returning pre-existing fd for /dev/input/event12 13:76
[  2246.399] (**) Logitech G703 LS: always reports core events
[  2246.399] (**) Option "Device" "/dev/input/event12"
[  2246.399] (II) libinput: Logitech G703 LS: is a virtual subdevice
[  2246.399] (**) Option "config_info" "udev:/sys/devices/pci0000:00/0000:00:14.0/usb1/1-8/1-8:1.2/0003:046D:C539.0006/0003:046D:4086.000C/input/input41/event12"
[  2246.399] (II) XINPUT: Adding extended input device "Logitech G703 LS" (type: KEYBOARD, id 16)
[  2246.586] (II) modeset(0): Disabling kernel dirty updates, not required.
[  2694.317] (**) Option "fd" "27"
[  2694.317] (II) event2  - Power Button: device removed
[  2694.317] (**) Option "fd" "30"
[  2694.317] (II) event3  - Video Bus: device removed
[  2694.317] (**) Option "fd" "31"
[  2694.317] (II) event1  - Power Button: device removed
[  2694.317] (**) Option "fd" "32"
[  2694.317] (II) event0  - Sleep Button: device removed
[  2694.317] (**) Option "fd" "33"
[  2694.317] (II) event20 - Blue Microphones Yeti Stereo Microphone Consumer Control: device removed
[  2694.317] (**) Option "fd" "34"
[  2694.317] (**) Option "fd" "35"
[  2694.317] (II) event16 - Ducky Ducky One2 Mini RGB: device removed
[  2694.317] (**) Option "fd" "36"
[  2694.317] (II) event17 - Ducky Ducky One2 Mini RGB: device removed
[  2694.317] (**) Option "fd" "37"
[  2694.317] (II) event18 - Ducky Ducky One2 Mini RGB: device removed
[  2694.317] (**) Option "fd" "38"
[  2694.317] (II) event19 - Ducky Ducky One2 Mini RGB: device removed
[  2694.317] (**) Option "fd" "34"
[  2694.317] (II) event12 - Logitech G703 LS: device removed
[  2694.318] (II) UnloadModule: "libinput"
[  2694.318] (II) systemd-logind: not releasing fd for 13:76, still in use
[  2694.318] (II) UnloadModule: "libinput"
[  2694.318] (II) systemd-logind: releasing fd for 13:83
[  2694.377] (II) UnloadModule: "libinput"
[  2694.377] (II) systemd-logind: releasing fd for 13:82
[  2694.424] (II) UnloadModule: "libinput"
[  2694.424] (II) systemd-logind: releasing fd for 13:81
[  2694.474] (II) UnloadModule: "libinput"
[  2694.474] (II) systemd-logind: releasing fd for 13:80
[  2694.490] (II) UnloadModule: "libinput"
[  2694.490] (II) systemd-logind: releasing fd for 13:76
[  2694.507] (II) UnloadModule: "libinput"
[  2694.507] (II) systemd-logind: releasing fd for 13:84
[  2694.540] (II) UnloadModule: "libinput"
[  2694.540] (II) systemd-logind: releasing fd for 13:64
[  2694.560] (II) UnloadModule: "libinput"
[  2694.560] (II) systemd-logind: releasing fd for 13:65
[  2694.577] (II) UnloadModule: "libinput"
[  2694.577] (II) systemd-logind: releasing fd for 13:67
[  2694.611] (II) UnloadModule: "libinput"
[  2694.611] (II) systemd-logind: releasing fd for 13:66
[  2694.667] (II) Server terminated successfully (0). Closing log file.
